<?xml version="1.0" encoding="UTF-8"?>
<testsuite xmlns:xsi="http://www.w3.org/2001/XMLSchema-instance" xsi:noNamespaceSchemaLocation="https://maven.apache.org/surefire/maven-surefire-plugin/xsd/surefire-test-report.xsd" name="com.lung.application.TestRedis" time="2.671" tests="1" errors="0" skipped="0" failures="0">
  <properties>
    <property name="sun.desktop" value="gnome"/>
    <property name="awt.toolkit" value="sun.awt.X11.XToolkit"/>
    <property name="file.encoding.pkg" value="sun.io"/>
    <property name="java.specification.version" value="1.8"/>
    <property name="sun.cpu.isalist" value=""/>
    <property name="sun.jnu.encoding" value="UTF-8"/>
    <property name="java.class.path" value="/home/lung/IdeaProjects/commonManageProject/commons-manager/commons-manager-web/target/test-classes:/home/lung/IdeaProjects/commonManageProject/commons-manager/commons-manager-web/target/classes:/home/lung/IdeaProjects/commonManageProject/commons-config/target/commons-config.jar:/home/lung/IdeaProjects/commonManageProject/commons-manager/commons-manager-interface/target/commons-manager-interface.jar:/home/lung/IdeaProjects/commonManageProject/commons-utils/target/commons-utils.jar:/home/lung/ProgramFiles/apache-maven-3.5.4/repo/joda-time/joda-time/2.5/joda-time-2.5.jar:/home/lung/ProgramFiles/apache-maven-3.5.4/repo/org/apache/commons/commons-lang3/3.3.2/commons-lang3-3.3.2.jar:/home/lung/ProgramFiles/apache-maven-3.5.4/repo/commons-io/commons-io/1.3.2/commons-io-1.3.2.jar:/home/lung/ProgramFiles/apache-maven-3.5.4/repo/commons-net/commons-net/3.3/commons-net-3.3.jar:/home/lung/ProgramFiles/apache-maven-3.5.4/repo/com/fasterxml/jackson/core/jackson-databind/2.8.7/jackson-databind-2.8.7.jar:/home/lung/ProgramFiles/apache-maven-3.5.4/repo/com/fasterxml/jackson/core/jackson-annotations/2.8.0/jackson-annotations-2.8.0.jar:/home/lung/ProgramFiles/apache-maven-3.5.4/repo/com/fasterxml/jackson/core/jackson-core/2.8.7/jackson-core-2.8.7.jar:/home/lung/ProgramFiles/apache-maven-3.5.4/repo/org/apache/httpcomponents/httpclient/4.3.5/httpclient-4.3.5.jar:/home/lung/ProgramFiles/apache-maven-3.5.4/repo/org/apache/httpcomponents/httpcore/4.3.2/httpcore-4.3.2.jar:/home/lung/ProgramFiles/apache-maven-3.5.4/repo/commons-codec/commons-codec/1.6/commons-codec-1.6.jar:/home/lung/ProgramFiles/apache-maven-3.5.4/repo/org/quartz-scheduler/quartz/2.2.2/quartz-2.2.2.jar:/home/lung/ProgramFiles/apache-maven-3.5.4/repo/c3p0/c3p0/0.9.1.1/c3p0-0.9.1.1.jar:/home/lung/ProgramFiles/apache-maven-3.5.4/repo/org/slf4j/slf4j-log4j12/1.6.4/slf4j-log4j12-1.6.4.jar:/home/lung/ProgramFiles/apache-maven-3.5.4/repo/org/projectlombok/lombok/1.18.0/lombok-1.18.0.jar:/home/lung/ProgramFiles/apache-maven-3.5.4/repo/redis/clients/jedis/2.8.1/jedis-2.8.1.jar:/home/lung/ProgramFiles/apache-maven-3.5.4/repo/org/apache/commons/commons-pool2/2.4.2/commons-pool2-2.4.2.jar:/home/lung/ProgramFiles/apache-maven-3.5.4/repo/org/springframework/data/spring-data-redis/1.7.1.RELEASE/spring-data-redis-1.7.1.RELEASE.jar:/home/lung/ProgramFiles/apache-maven-3.5.4/repo/org/springframework/data/spring-data-keyvalue/1.1.1.RELEASE/spring-data-keyvalue-1.1.1.RELEASE.jar:/home/lung/ProgramFiles/apache-maven-3.5.4/repo/org/springframework/data/spring-data-commons/1.12.1.RELEASE/spring-data-commons-1.12.1.RELEASE.jar:/home/lung/ProgramFiles/apache-maven-3.5.4/repo/org/springframework/spring-tx/4.3.13.RELEASE/spring-tx-4.3.13.RELEASE.jar:/home/lung/ProgramFiles/apache-maven-3.5.4/repo/org/springframework/spring-oxm/4.2.5.RELEASE/spring-oxm-4.2.5.RELEASE.jar:/home/lung/ProgramFiles/apache-maven-3.5.4/repo/org/slf4j/jcl-over-slf4j/1.7.19/jcl-over-slf4j-1.7.19.jar:/home/lung/IdeaProjects/commonManageProject/commons-manager/commons-manager-pojo/target/commons-manager-pojo.jar:/home/lung/ProgramFiles/apache-maven-3.5.4/repo/com/baomidou/mybatis-plus/2.1.6/mybatis-plus-2.1.6.jar:/home/lung/ProgramFiles/apache-maven-3.5.4/repo/com/baomidou/mybatis-plus-support/2.1.6/mybatis-plus-support-2.1.6.jar:/home/lung/ProgramFiles/apache-maven-3.5.4/repo/com/baomidou/mybatis-plus-core/2.1.6/mybatis-plus-core-2.1.6.jar:/home/lung/ProgramFiles/apache-maven-3.5.4/repo/com/github/jsqlparser/jsqlparser/1.1/jsqlparser-1.1.jar:/home/lung/ProgramFiles/apache-maven-3.5.4/repo/org/mybatis/mybatis-spring/1.3.1/mybatis-spring-1.3.1.jar:/home/lung/ProgramFiles/apache-maven-3.5.4/repo/org/mybatis/mybatis/3.4.5/mybatis-3.4.5.jar:/home/lung/ProgramFiles/apache-maven-3.5.4/repo/com/baomidou/mybatis-plus-generate/2.1.6/mybatis-plus-generate-2.1.6.jar:/home/lung/ProgramFiles/apache-maven-3.5.4/repo/org/springframework/spring-core/4.3.13.RELEASE/spring-core-4.3.13.RELEASE.jar:/home/lung/ProgramFiles/apache-maven-3.5.4/repo/commons-logging/commons-logging/1.2/commons-logging-1.2.jar:/home/lung/ProgramFiles/apache-maven-3.5.4/repo/org/springframework/spring-context-support/4.3.13.RELEASE/spring-context-support-4.3.13.RELEASE.jar:/home/lung/ProgramFiles/apache-maven-3.5.4/repo/org/springframework/spring-context/4.3.13.RELEASE/spring-context-4.3.13.RELEASE.jar:/home/lung/ProgramFiles/apache-maven-3.5.4/repo/org/springframework/spring-aop/4.3.13.RELEASE/spring-aop-4.3.13.RELEASE.jar:/home/lung/ProgramFiles/apache-maven-3.5.4/repo/org/springframework/spring-expression/4.3.13.RELEASE/spring-expression-4.3.13.RELEASE.jar:/home/lung/ProgramFiles/apache-maven-3.5.4/repo/org/springframework/spring-beans/4.3.13.RELEASE/spring-beans-4.3.13.RELEASE.jar:/home/lung/ProgramFiles/apache-maven-3.5.4/repo/org/springframework/spring-web/4.3.13.RELEASE/spring-web-4.3.13.RELEASE.jar:/home/lung/ProgramFiles/apache-maven-3.5.4/repo/org/springframework/spring-webmvc/4.3.13.RELEASE/spring-webmvc-4.3.13.RELEASE.jar:/home/lung/ProgramFiles/apache-maven-3.5.4/repo/org/springframework/spring-aspects/4.3.13.RELEASE/spring-aspects-4.3.13.RELEASE.jar:/home/lung/ProgramFiles/apache-maven-3.5.4/repo/org/aspectj/aspectjweaver/1.6.8/aspectjweaver-1.6.8.jar:/home/lung/ProgramFiles/apache-maven-3.5.4/repo/org/springframework/spring-test/4.3.13.RELEASE/spring-test-4.3.13.RELEASE.jar:/home/lung/ProgramFiles/apache-maven-3.5.4/repo/com/alibaba/dubbo/2.5.3/dubbo-2.5.3.jar:/home/lung/ProgramFiles/apache-maven-3.5.4/repo/org/javassist/javassist/3.15.0-GA/javassist-3.15.0-GA.jar:/home/lung/ProgramFiles/apache-maven-3.5.4/repo/org/jboss/netty/netty/3.2.5.Final/netty-3.2.5.Final.jar:/home/lung/ProgramFiles/apache-maven-3.5.4/repo/org/apache/zookeeper/zookeeper/3.4.7/zookeeper-3.4.7.jar:/home/lung/ProgramFiles/apache-maven-3.5.4/repo/org/slf4j/slf4j-api/1.6.1/slf4j-api-1.6.1.jar:/home/lung/ProgramFiles/apache-maven-3.5.4/repo/log4j/log4j/1.2.16/log4j-1.2.16.jar:/home/lung/ProgramFiles/apache-maven-3.5.4/repo/jline/jline/0.9.94/jline-0.9.94.jar:/home/lung/ProgramFiles/apache-maven-3.5.4/repo/io/netty/netty/3.7.0.Final/netty-3.7.0.Final.jar:/home/lung/ProgramFiles/apache-maven-3.5.4/repo/com/github/sgroschupf/zkclient/0.1/zkclient-0.1.jar:/home/lung/ProgramFiles/apache-maven-3.5.4/repo/jstl/jstl/1.2/jstl-1.2.jar:/home/lung/ProgramFiles/apache-maven-3.5.4/repo/javax/servlet/servlet-api/2.5/servlet-api-2.5.jar:/home/lung/ProgramFiles/apache-maven-3.5.4/repo/javax/servlet/jsp-api/2.0/jsp-api-2.0.jar:/home/lung/ProgramFiles/apache-maven-3.5.4/repo/com/alibaba/fastjson/1.2.38/fastjson-1.2.38.jar:/home/lung/ProgramFiles/apache-maven-3.5.4/repo/commons-fileupload/commons-fileupload/1.3.1/commons-fileupload-1.3.1.jar:/home/lung/ProgramFiles/apache-maven-3.5.4/repo/junit/junit/4.12/junit-4.12.jar:/home/lung/ProgramFiles/apache-maven-3.5.4/repo/org/hamcrest/hamcrest-core/1.3/hamcrest-core-1.3.jar:"/>
    <property name="java.vm.vendor" value="Oracle Corporation"/>
    <property name="sun.arch.data.model" value="64"/>
    <property name="java.vendor.url" value="http://java.oracle.com/"/>
    <property name="user.timezone" value=""/>
    <property name="java.vm.specification.version" value="1.8"/>
    <property name="os.name" value="Linux"/>
    <property name="user.country" value="CN"/>
    <property name="sun.java.launcher" value="SUN_STANDARD"/>
    <property name="sun.boot.library.path" value="/usr/local/jdk1.8.0_181/jre/lib/amd64"/>
    <property name="sun.java.command" value="/home/lung/IdeaProjects/commonManageProject/commons-manager/commons-manager-web/target/surefire/surefirebooter1324984823164801979.jar /home/lung/IdeaProjects/commonManageProject/commons-manager/commons-manager-web/target/surefire 2018-10-15T13-14-27_350-jvmRun1 surefire768665098978307009tmp surefire_06251636221760693979tmp"/>
    <property name="surefire.test.class.path" value="/home/lung/IdeaProjects/commonManageProject/commons-manager/commons-manager-web/target/test-classes:/home/lung/IdeaProjects/commonManageProject/commons-manager/commons-manager-web/target/classes:/home/lung/IdeaProjects/commonManageProject/commons-config/target/commons-config.jar:/home/lung/IdeaProjects/commonManageProject/commons-manager/commons-manager-interface/target/commons-manager-interface.jar:/home/lung/IdeaProjects/commonManageProject/commons-utils/target/commons-utils.jar:/home/lung/ProgramFiles/apache-maven-3.5.4/repo/joda-time/joda-time/2.5/joda-time-2.5.jar:/home/lung/ProgramFiles/apache-maven-3.5.4/repo/org/apache/commons/commons-lang3/3.3.2/commons-lang3-3.3.2.jar:/home/lung/ProgramFiles/apache-maven-3.5.4/repo/commons-io/commons-io/1.3.2/commons-io-1.3.2.jar:/home/lung/ProgramFiles/apache-maven-3.5.4/repo/commons-net/commons-net/3.3/commons-net-3.3.jar:/home/lung/ProgramFiles/apache-maven-3.5.4/repo/com/fasterxml/jackson/core/jackson-databind/2.8.7/jackson-databind-2.8.7.jar:/home/lung/ProgramFiles/apache-maven-3.5.4/repo/com/fasterxml/jackson/core/jackson-annotations/2.8.0/jackson-annotations-2.8.0.jar:/home/lung/ProgramFiles/apache-maven-3.5.4/repo/com/fasterxml/jackson/core/jackson-core/2.8.7/jackson-core-2.8.7.jar:/home/lung/ProgramFiles/apache-maven-3.5.4/repo/org/apache/httpcomponents/httpclient/4.3.5/httpclient-4.3.5.jar:/home/lung/ProgramFiles/apache-maven-3.5.4/repo/org/apache/httpcomponents/httpcore/4.3.2/httpcore-4.3.2.jar:/home/lung/ProgramFiles/apache-maven-3.5.4/repo/commons-codec/commons-codec/1.6/commons-codec-1.6.jar:/home/lung/ProgramFiles/apache-maven-3.5.4/repo/org/quartz-scheduler/quartz/2.2.2/quartz-2.2.2.jar:/home/lung/ProgramFiles/apache-maven-3.5.4/repo/c3p0/c3p0/0.9.1.1/c3p0-0.9.1.1.jar:/home/lung/ProgramFiles/apache-maven-3.5.4/repo/org/slf4j/slf4j-log4j12/1.6.4/slf4j-log4j12-1.6.4.jar:/home/lung/ProgramFiles/apache-maven-3.5.4/repo/org/projectlombok/lombok/1.18.0/lombok-1.18.0.jar:/home/lung/ProgramFiles/apache-maven-3.5.4/repo/redis/clients/jedis/2.8.1/jedis-2.8.1.jar:/home/lung/ProgramFiles/apache-maven-3.5.4/repo/org/apache/commons/commons-pool2/2.4.2/commons-pool2-2.4.2.jar:/home/lung/ProgramFiles/apache-maven-3.5.4/repo/org/springframework/data/spring-data-redis/1.7.1.RELEASE/spring-data-redis-1.7.1.RELEASE.jar:/home/lung/ProgramFiles/apache-maven-3.5.4/repo/org/springframework/data/spring-data-keyvalue/1.1.1.RELEASE/spring-data-keyvalue-1.1.1.RELEASE.jar:/home/lung/ProgramFiles/apache-maven-3.5.4/repo/org/springframework/data/spring-data-commons/1.12.1.RELEASE/spring-data-commons-1.12.1.RELEASE.jar:/home/lung/ProgramFiles/apache-maven-3.5.4/repo/org/springframework/spring-tx/4.3.13.RELEASE/spring-tx-4.3.13.RELEASE.jar:/home/lung/ProgramFiles/apache-maven-3.5.4/repo/org/springframework/spring-oxm/4.2.5.RELEASE/spring-oxm-4.2.5.RELEASE.jar:/home/lung/ProgramFiles/apache-maven-3.5.4/repo/org/slf4j/jcl-over-slf4j/1.7.19/jcl-over-slf4j-1.7.19.jar:/home/lung/IdeaProjects/commonManageProject/commons-manager/commons-manager-pojo/target/commons-manager-pojo.jar:/home/lung/ProgramFiles/apache-maven-3.5.4/repo/com/baomidou/mybatis-plus/2.1.6/mybatis-plus-2.1.6.jar:/home/lung/ProgramFiles/apache-maven-3.5.4/repo/com/baomidou/mybatis-plus-support/2.1.6/mybatis-plus-support-2.1.6.jar:/home/lung/ProgramFiles/apache-maven-3.5.4/repo/com/baomidou/mybatis-plus-core/2.1.6/mybatis-plus-core-2.1.6.jar:/home/lung/ProgramFiles/apache-maven-3.5.4/repo/com/github/jsqlparser/jsqlparser/1.1/jsqlparser-1.1.jar:/home/lung/ProgramFiles/apache-maven-3.5.4/repo/org/mybatis/mybatis-spring/1.3.1/mybatis-spring-1.3.1.jar:/home/lung/ProgramFiles/apache-maven-3.5.4/repo/org/mybatis/mybatis/3.4.5/mybatis-3.4.5.jar:/home/lung/ProgramFiles/apache-maven-3.5.4/repo/com/baomidou/mybatis-plus-generate/2.1.6/mybatis-plus-generate-2.1.6.jar:/home/lung/ProgramFiles/apache-maven-3.5.4/repo/org/springframework/spring-core/4.3.13.RELEASE/spring-core-4.3.13.RELEASE.jar:/home/lung/ProgramFiles/apache-maven-3.5.4/repo/commons-logging/commons-logging/1.2/commons-logging-1.2.jar:/home/lung/ProgramFiles/apache-maven-3.5.4/repo/org/springframework/spring-context-support/4.3.13.RELEASE/spring-context-support-4.3.13.RELEASE.jar:/home/lung/ProgramFiles/apache-maven-3.5.4/repo/org/springframework/spring-context/4.3.13.RELEASE/spring-context-4.3.13.RELEASE.jar:/home/lung/ProgramFiles/apache-maven-3.5.4/repo/org/springframework/spring-aop/4.3.13.RELEASE/spring-aop-4.3.13.RELEASE.jar:/home/lung/ProgramFiles/apache-maven-3.5.4/repo/org/springframework/spring-expression/4.3.13.RELEASE/spring-expression-4.3.13.RELEASE.jar:/home/lung/ProgramFiles/apache-maven-3.5.4/repo/org/springframework/spring-beans/4.3.13.RELEASE/spring-beans-4.3.13.RELEASE.jar:/home/lung/ProgramFiles/apache-maven-3.5.4/repo/org/springframework/spring-web/4.3.13.RELEASE/spring-web-4.3.13.RELEASE.jar:/home/lung/ProgramFiles/apache-maven-3.5.4/repo/org/springframework/spring-webmvc/4.3.13.RELEASE/spring-webmvc-4.3.13.RELEASE.jar:/home/lung/ProgramFiles/apache-maven-3.5.4/repo/org/springframework/spring-aspects/4.3.13.RELEASE/spring-aspects-4.3.13.RELEASE.jar:/home/lung/ProgramFiles/apache-maven-3.5.4/repo/org/aspectj/aspectjweaver/1.6.8/aspectjweaver-1.6.8.jar:/home/lung/ProgramFiles/apache-maven-3.5.4/repo/org/springframework/spring-test/4.3.13.RELEASE/spring-test-4.3.13.RELEASE.jar:/home/lung/ProgramFiles/apache-maven-3.5.4/repo/com/alibaba/dubbo/2.5.3/dubbo-2.5.3.jar:/home/lung/ProgramFiles/apache-maven-3.5.4/repo/org/javassist/javassist/3.15.0-GA/javassist-3.15.0-GA.jar:/home/lung/ProgramFiles/apache-maven-3.5.4/repo/org/jboss/netty/netty/3.2.5.Final/netty-3.2.5.Final.jar:/home/lung/ProgramFiles/apache-maven-3.5.4/repo/org/apache/zookeeper/zookeeper/3.4.7/zookeeper-3.4.7.jar:/home/lung/ProgramFiles/apache-maven-3.5.4/repo/org/slf4j/slf4j-api/1.6.1/slf4j-api-1.6.1.jar:/home/lung/ProgramFiles/apache-maven-3.5.4/repo/log4j/log4j/1.2.16/log4j-1.2.16.jar:/home/lung/ProgramFiles/apache-maven-3.5.4/repo/jline/jline/0.9.94/jline-0.9.94.jar:/home/lung/ProgramFiles/apache-maven-3.5.4/repo/io/netty/netty/3.7.0.Final/netty-3.7.0.Final.jar:/home/lung/ProgramFiles/apache-maven-3.5.4/repo/com/github/sgroschupf/zkclient/0.1/zkclient-0.1.jar:/home/lung/ProgramFiles/apache-maven-3.5.4/repo/jstl/jstl/1.2/jstl-1.2.jar:/home/lung/ProgramFiles/apache-maven-3.5.4/repo/javax/servlet/servlet-api/2.5/servlet-api-2.5.jar:/home/lung/ProgramFiles/apache-maven-3.5.4/repo/javax/servlet/jsp-api/2.0/jsp-api-2.0.jar:/home/lung/ProgramFiles/apache-maven-3.5.4/repo/com/alibaba/fastjson/1.2.38/fastjson-1.2.38.jar:/home/lung/ProgramFiles/apache-maven-3.5.4/repo/commons-fileupload/commons-fileupload/1.3.1/commons-fileupload-1.3.1.jar:/home/lung/ProgramFiles/apache-maven-3.5.4/repo/junit/junit/4.12/junit-4.12.jar:/home/lung/ProgramFiles/apache-maven-3.5.4/repo/org/hamcrest/hamcrest-core/1.3/hamcrest-core-1.3.jar:"/>
    <property name="sun.cpu.endian" value="little"/>
    <property name="user.home" value="/home/lung"/>
    <property name="user.language" value="zh"/>
    <property name="java.specification.vendor" value="Oracle Corporation"/>
    <property name="java.home" value="/usr/local/jdk1.8.0_181/jre"/>
    <property name="basedir" value="/home/lung/IdeaProjects/commonManageProject/commons-manager/commons-manager-web"/>
    <property name="file.separator" value="/"/>
    <property name="line.separator" value="&#10;"/>
    <property name="java.vm.specification.vendor" value="Oracle Corporation"/>
    <property name="java.specification.name" value="Java Platform API Specification"/>
    <property name="java.awt.graphicsenv" value="sun.awt.X11GraphicsEnvironment"/>
    <property name="surefire.real.class.path" value="/home/lung/IdeaProjects/commonManageProject/commons-manager/commons-manager-web/target/surefire/surefirebooter1324984823164801979.jar"/>
    <property name="sun.boot.class.path" value="/usr/local/jdk1.8.0_181/jre/lib/resources.jar:/usr/local/jdk1.8.0_181/jre/lib/rt.jar:/usr/local/jdk1.8.0_181/jre/lib/sunrsasign.jar:/usr/local/jdk1.8.0_181/jre/lib/jsse.jar:/usr/local/jdk1.8.0_181/jre/lib/jce.jar:/usr/local/jdk1.8.0_181/jre/lib/charsets.jar:/usr/local/jdk1.8.0_181/jre/lib/jfr.jar:/usr/local/jdk1.8.0_181/jre/classes"/>
    <property name="sun.management.compiler" value="HotSpot 64-Bit Tiered Compilers"/>
    <property name="java.runtime.version" value="1.8.0_181-b13"/>
    <property name="user.name" value="lung"/>
    <property name="path.separator" value=":"/>
    <property name="os.version" value="4.15.0-34-generic"/>
    <property name="java.endorsed.dirs" value="/usr/local/jdk1.8.0_181/jre/lib/endorsed"/>
    <property name="java.runtime.name" value="Java(TM) SE Runtime Environment"/>
    <property name="file.encoding" value="UTF-8"/>
    <property name="java.vm.name" value="Java HotSpot(TM) 64-Bit Server VM"/>
    <property name="localRepository" value="/home/lung/ProgramFiles/apache-maven-3.5.4/repo"/>
    <property name="java.vendor.url.bug" value="http://bugreport.sun.com/bugreport/"/>
    <property name="java.io.tmpdir" value="/tmp"/>
    <property name="idea.version" value="2018.2.4"/>
    <property name="java.version" value="1.8.0_181"/>
    <property name="user.dir" value="/home/lung/IdeaProjects/commonManageProject/commons-manager/commons-manager-web"/>
    <property name="os.arch" value="amd64"/>
    <property name="java.vm.specification.name" value="Java Virtual Machine Specification"/>
    <property name="java.awt.printerjob" value="sun.print.PSPrinterJob"/>
    <property name="sun.os.patch.level" value="unknown"/>
    <property name="java.library.path" value="/usr/java/packages/lib/amd64:/usr/lib64:/lib64:/lib:/usr/lib"/>
    <property name="java.vm.info" value="mixed mode"/>
    <property name="java.vendor" value="Oracle Corporation"/>
    <property name="java.vm.version" value="25.181-b13"/>
    <property name="java.ext.dirs" value="/usr/local/jdk1.8.0_181/jre/lib/ext:/usr/java/packages/lib/ext"/>
    <property name="sun.io.unicode.encoding" value="UnicodeLittle"/>
    <property name="java.class.version" value="52.0"/>
  </properties>
  <testcase name="TestRedis" classname="com.lung.application.TestRedis" time="0.072"/>
</testsuite>